# JRE version: OpenJDK Runtime Environment (22.0.1+8) (build 22.0.1+8-16)
# Java VM: OpenJDK 64-Bit Server VM (22.0.1+8-16, mixed mode, sharing, tiered, compressed oops, compressed class ptrs, g1 gc, windows-amd64)
GC Precious Log:
 CardTable entry size: 512
 Card Set container configuration: InlinePtr #cards 4 size 8 Array Of Cards #cards 32 size 80 Howl #buckets 8 coarsen threshold 7372 Howl Bitmap #cards 1024 size 144 coarsen threshold 921 Card regions per heap region 1 cards per card region 8192
 CPUs: 4 total, 4 available
 Memory: 20190M
 Large Page Support: Disabled
 NUMA Support: Disabled
 Compressed Oops: Enabled (Zero based)
 Heap Region Size: 4M
 Heap Min Capacity: 8M
 Heap Initial Capacity: 316M
 Heap Max Capacity: 5048M
 Pre-touch: Disabled
 Parallel Workers: 4
 Concurrent Workers: 1
 Concurrent Refinement Workers: 4
 Periodic GC: Disabled
Heap:
 garbage-first heap   total reserved 5169152K, committed 69632K, used 31796K [0x00000006c4800000, 0x0000000800000000)
  region size 4096K, 4 young (16384K), 2 survivors (8192K)
 Metaspace       used 64242K, committed 64960K, reserved 1114112K
  class space    used 8773K, committed 9088K, reserved 1048576K
GC Heap History (20 events):
Event: 4.380 GC heap before
{Heap before GC invocations=2 (full 0):
 garbage-first heap   total reserved 5169152K, committed 323584K, used 31473K [0x00000006c4800000, 0x0000000800000000)
  region size 4096K, 8 young (32768K), 1 survivors (4096K)
 Metaspace       used 11390K, committed 11648K, reserved 1114112K
  class space    used 1360K, committed 1472K, reserved 1048576K
}
Event: 4.385 GC heap after
{Heap after GC invocations=3 (full 0):
 garbage-first heap   total reserved 5169152K, committed 323584K, used 8784K [0x00000006c4800000, 0x0000000800000000)
  region size 4096K, 1 young (4096K), 1 survivors (4096K)
 Metaspace       used 11390K, committed 11648K, reserved 1114112K
  class space    used 1360K, committed 1472K, reserved 1048576K
}
Event: 7.172 GC heap before
{Heap before GC invocations=3 (full 0):
 garbage-first heap   total reserved 5169152K, committed 323584K, used 66128K [0x00000006c4800000, 0x0000000800000000)
  region size 4096K, 16 young (65536K), 1 survivors (4096K)
 Metaspace       used 21226K, committed 21504K, reserved 1114112K
  class space    used 2569K, committed 2688K, reserved 1048576K
}
Event: 7.186 GC heap after
{Heap after GC invocations=4 (full 0):
 garbage-first heap   total reserved 5169152K, committed 323584K, used 13504K [0x00000006c4800000, 0x0000000800000000)
  region size 4096K, 2 young (8192K), 2 survivors (8192K)
 Metaspace       used 21226K, committed 21504K, reserved 1114112K
  class space    used 2569K, committed 2688K, reserved 1048576K
}
Event: 9.402 GC heap before
{Heap before GC invocations=5 (full 0):
 garbage-first heap   total reserved 5169152K, committed 57344K, used 54464K [0x00000006c4800000, 0x0000000800000000)
  region size 4096K, 12 young (49152K), 2 survivors (8192K)
 Metaspace       used 27556K, committed 28096K, reserved 1114112K
  class space    used 3477K, committed 3712K, reserved 1048576K
}
Event: 9.423 GC heap after
{Heap after GC invocations=6 (full 0):
 garbage-first heap   total reserved 5169152K, committed 69632K, used 16532K [0x00000006c4800000, 0x0000000800000000)
  region size 4096K, 3 young (12288K), 3 survivors (12288K)
 Metaspace       used 27556K, committed 28096K, reserved 1114112K
  class space    used 3477K, committed 3712K, reserved 1048576K
}
Event: 10.690 GC heap before
{Heap before GC invocations=6 (full 0):
 garbage-first heap   total reserved 5169152K, committed 69632K, used 45204K [0x00000006c4800000, 0x0000000800000000)
  region size 4096K, 10 young (40960K), 3 survivors (12288K)
 Metaspace       used 31946K, committed 32576K, reserved 1114112K
  class space    used 4012K, committed 4288K, reserved 1048576K
}
Event: 10.708 GC heap after
{Heap after GC invocations=7 (full 0):
 garbage-first heap   total reserved 5169152K, committed 69632K, used 18514K [0x00000006c4800000, 0x0000000800000000)
  region size 4096K, 2 young (8192K), 2 survivors (8192K)
 Metaspace       used 31946K, committed 32576K, reserved 1114112K
  class space    used 4012K, committed 4288K, reserved 1048576K
}
Event: 11.772 GC heap before
{Heap before GC invocations=7 (full 0):
 garbage-first heap   total reserved 5169152K, committed 69632K, used 30802K [0x00000006c4800000, 0x0000000800000000)
  region size 4096K, 7 young (28672K), 2 survivors (8192K)
 Metaspace       used 35460K, committed 35968K, reserved 1114112K
  class space    used 4559K, committed 4800K, reserved 1048576K
}
Event: 11.779 GC heap after
{Heap after GC invocations=8 (full 0):
 garbage-first heap   total reserved 5169152K, committed 69632K, used 19496K [0x00000006c4800000, 0x0000000800000000)
  region size 4096K, 1 young (4096K), 1 survivors (4096K)
 Metaspace       used 35460K, committed 35968K, reserved 1114112K
  class space    used 4559K, committed 4800K, reserved 1048576K
}
Event: 13.327 GC heap before
{Heap before GC invocations=9 (full 0):
 garbage-first heap   total reserved 5169152K, committed 69632K, used 52264K [0x00000006c4800000, 0x0000000800000000)
  region size 4096K, 9 young (36864K), 1 survivors (4096K)
 Metaspace       used 42805K, committed 43392K, reserved 1114112K
  class space    used 5606K, committed 5888K, reserved 1048576K
}
Event: 13.333 GC heap after
{Heap after GC invocations=10 (full 0):
 garbage-first heap   total reserved 5169152K, committed 69632K, used 20679K [0x00000006c4800000, 0x0000000800000000)
  region size 4096K, 1 young (4096K), 1 survivors (4096K)
 Metaspace       used 42805K, committed 43392K, reserved 1114112K
  class space    used 5606K, committed 5888K, reserved 1048576K
}
Event: 14.789 GC heap before
{Heap before GC invocations=10 (full 0):
 garbage-first heap   total reserved 5169152K, committed 69632K, used 57543K [0x00000006c4800000, 0x0000000800000000)
  region size 4096K, 10 young (40960K), 1 survivors (4096K)
 Metaspace       used 50973K, committed 51520K, reserved 1114112K
  class space    used 6851K, committed 7104K, reserved 1048576K
}
Event: 14.797 GC heap after
{Heap after GC invocations=11 (full 0):
 garbage-first heap   total reserved 5169152K, committed 69632K, used 22457K [0x00000006c4800000, 0x0000000800000000)
  region size 4096K, 2 young (8192K), 2 survivors (8192K)
 Metaspace       used 50973K, committed 51520K, reserved 1114112K
  class space    used 6851K, committed 7104K, reserved 1048576K
}
Event: 16.416 GC heap before
{Heap before GC invocations=11 (full 0):
 garbage-first heap   total reserved 5169152K, committed 69632K, used 51129K [0x00000006c4800000, 0x0000000800000000)
  region size 4096K, 9 young (36864K), 2 survivors (8192K)
 Metaspace       used 56660K, committed 57216K, reserved 1114112K
  class space    used 7617K, committed 7872K, reserved 1048576K
}
Event: 16.426 GC heap after
{Heap after GC invocations=12 (full 0):
 garbage-first heap   total reserved 5169152K, committed 69632K, used 23872K [0x00000006c4800000, 0x0000000800000000)
  region size 4096K, 2 young (8192K), 2 survivors (8192K)
 Metaspace       used 56660K, committed 57216K, reserved 1114112K
  class space    used 7617K, committed 7872K, reserved 1048576K
}
Event: 17.280 GC heap before
{Heap before GC invocations=12 (full 0):
 garbage-first heap   total reserved 5169152K, committed 69632K, used 36160K [0x00000006c4800000, 0x0000000800000000)
  region size 4096K, 6 young (24576K), 2 survivors (8192K)
 Metaspace       used 59682K, committed 60288K, reserved 1114112K
  class space    used 8115K, committed 8384K, reserved 1048576K
}
Event: 17.291 GC heap after
{Heap after GC invocations=13 (full 0):
 garbage-first heap   total reserved 5169152K, committed 69632K, used 25209K [0x00000006c4800000, 0x0000000800000000)
  region size 4096K, 2 young (8192K), 2 survivors (8192K)
 Metaspace       used 59682K, committed 60288K, reserved 1114112K
  class space    used 8115K, committed 8384K, reserved 1048576K
}
Event: 109.744 GC heap before
{Heap before GC invocations=14 (full 0):
 garbage-first heap   total reserved 5169152K, committed 69632K, used 53881K [0x00000006c4800000, 0x0000000800000000)
  region size 4096K, 9 young (36864K), 2 survivors (8192K)
 Metaspace       used 62500K, committed 63168K, reserved 1114112K
  class space    used 8556K, committed 8896K, reserved 1048576K
}
Event: 109.755 GC heap after
{Heap after GC invocations=15 (full 0):
 garbage-first heap   total reserved 5169152K, committed 69632K, used 27700K [0x00000006c4800000, 0x0000000800000000)
  region size 4096K, 2 young (8192K), 2 survivors (8192K)
 Metaspace       used 62500K, committed 63168K, reserved 1114112K
  class space    used 8556K, committed 8896K, reserved 1048576K
}

