# JRE version: OpenJDK Runtime Environment (22.0.1+8) (build 22.0.1+8-16)
# Java VM: OpenJDK 64-Bit Server VM (22.0.1+8-16, mixed mode, sharing, tiered, compressed oops, compressed class ptrs, g1 gc, windows-amd64)
GC Precious Log:
 CardTable entry size: 512
 Card Set container configuration: InlinePtr #cards 4 size 8 Array Of Cards #cards 32 size 80 Howl #buckets 8 coarsen threshold 7372 Howl Bitmap #cards 1024 size 144 coarsen threshold 921 Card regions per heap region 1 cards per card region 8192
 CPUs: 4 total, 4 available
 Memory: 20190M
 Large Page Support: Disabled
 NUMA Support: Disabled
 Compressed Oops: Enabled (Zero based)
 Heap Region Size: 4M
 Heap Min Capacity: 8M
 Heap Initial Capacity: 316M
 Heap Max Capacity: 5048M
 Pre-touch: Disabled
 Parallel Workers: 4
 Concurrent Workers: 1
 Concurrent Refinement Workers: 4
 Periodic GC: Disabled
Heap:
 garbage-first heap   total reserved 5169152K, committed 69632K, used 31832K [0x00000006c4800000, 0x0000000800000000)
  region size 4096K, 4 young (16384K), 2 survivors (8192K)
 Metaspace       used 63972K, committed 64640K, reserved 1114112K
  class space    used 8742K, committed 9024K, reserved 1048576K
GC Heap History (20 events):
Event: 2.603 GC heap before
{Heap before GC invocations=2 (full 0):
 garbage-first heap   total reserved 5169152K, committed 323584K, used 31059K [0x00000006c4800000, 0x0000000800000000)
  region size 4096K, 8 young (32768K), 1 survivors (4096K)
 Metaspace       used 11331K, committed 11584K, reserved 1114112K
  class space    used 1346K, committed 1472K, reserved 1048576K
}
Event: 2.609 GC heap after
{Heap after GC invocations=3 (full 0):
 garbage-first heap   total reserved 5169152K, committed 323584K, used 8688K [0x00000006c4800000, 0x0000000800000000)
  region size 4096K, 1 young (4096K), 1 survivors (4096K)
 Metaspace       used 11331K, committed 11584K, reserved 1114112K
  class space    used 1346K, committed 1472K, reserved 1048576K
}
Event: 4.714 GC heap before
{Heap before GC invocations=3 (full 0):
 garbage-first heap   total reserved 5169152K, committed 323584K, used 61936K [0x00000006c4800000, 0x0000000800000000)
  region size 4096K, 16 young (65536K), 1 survivors (4096K)
 Metaspace       used 21210K, committed 21504K, reserved 1114112K
  class space    used 2570K, committed 2688K, reserved 1048576K
}
Event: 4.726 GC heap after
{Heap after GC invocations=4 (full 0):
 garbage-first heap   total reserved 5169152K, committed 323584K, used 13253K [0x00000006c4800000, 0x0000000800000000)
  region size 4096K, 2 young (8192K), 2 survivors (8192K)
 Metaspace       used 21210K, committed 21504K, reserved 1114112K
  class space    used 2570K, committed 2688K, reserved 1048576K
}
Event: 6.711 GC heap before
{Heap before GC invocations=5 (full 0):
 garbage-first heap   total reserved 5169152K, committed 57344K, used 54213K [0x00000006c4800000, 0x0000000800000000)
  region size 4096K, 12 young (49152K), 2 survivors (8192K)
 Metaspace       used 27691K, committed 28160K, reserved 1114112K
  class space    used 3500K, committed 3712K, reserved 1048576K
}
Event: 6.731 GC heap after
{Heap after GC invocations=6 (full 0):
 garbage-first heap   total reserved 5169152K, committed 69632K, used 16815K [0x00000006c4800000, 0x0000000800000000)
  region size 4096K, 3 young (12288K), 3 survivors (12288K)
 Metaspace       used 27691K, committed 28160K, reserved 1114112K
  class space    used 3500K, committed 3712K, reserved 1048576K
}
Event: 7.684 GC heap before
{Heap before GC invocations=6 (full 0):
 garbage-first heap   total reserved 5169152K, committed 69632K, used 45487K [0x00000006c4800000, 0x0000000800000000)
  region size 4096K, 10 young (40960K), 3 survivors (12288K)
 Metaspace       used 31916K, committed 32512K, reserved 1114112K
  class space    used 4017K, committed 4288K, reserved 1048576K
}
Event: 7.699 GC heap after
{Heap after GC invocations=7 (full 0):
 garbage-first heap   total reserved 5169152K, committed 69632K, used 18614K [0x00000006c4800000, 0x0000000800000000)
  region size 4096K, 2 young (8192K), 2 survivors (8192K)
 Metaspace       used 31916K, committed 32512K, reserved 1114112K
  class space    used 4017K, committed 4288K, reserved 1048576K
}
Event: 8.458 GC heap before
{Heap before GC invocations=7 (full 0):
 garbage-first heap   total reserved 5169152K, committed 69632K, used 34998K [0x00000006c4800000, 0x0000000800000000)
  region size 4096K, 7 young (28672K), 2 survivors (8192K)
 Metaspace       used 35512K, committed 35968K, reserved 1114112K
  class space    used 4583K, committed 4800K, reserved 1048576K
}
Event: 8.466 GC heap after
{Heap after GC invocations=8 (full 0):
 garbage-first heap   total reserved 5169152K, committed 69632K, used 18845K [0x00000006c4800000, 0x0000000800000000)
  region size 4096K, 1 young (4096K), 1 survivors (4096K)
 Metaspace       used 35512K, committed 35968K, reserved 1114112K
  class space    used 4583K, committed 4800K, reserved 1048576K
}
Event: 10.148 GC heap before
{Heap before GC invocations=9 (full 0):
 garbage-first heap   total reserved 5169152K, committed 69632K, used 55709K [0x00000006c4800000, 0x0000000800000000)
  region size 4096K, 10 young (40960K), 1 survivors (4096K)
 Metaspace       used 43600K, committed 44160K, reserved 1114112K
  class space    used 5739K, committed 6016K, reserved 1048576K
}
Event: 10.157 GC heap after
{Heap after GC invocations=10 (full 0):
 garbage-first heap   total reserved 5169152K, committed 69632K, used 20652K [0x00000006c4800000, 0x0000000800000000)
  region size 4096K, 2 young (8192K), 2 survivors (8192K)
 Metaspace       used 43600K, committed 44160K, reserved 1114112K
  class space    used 5739K, committed 6016K, reserved 1048576K
}
Event: 11.351 GC heap before
{Heap before GC invocations=10 (full 0):
 garbage-first heap   total reserved 5169152K, committed 69632K, used 49324K [0x00000006c4800000, 0x0000000800000000)
  region size 4096K, 10 young (40960K), 2 survivors (8192K)
 Metaspace       used 51062K, committed 51712K, reserved 1114112K
  class space    used 6873K, committed 7168K, reserved 1048576K
}
Event: 11.359 GC heap after
{Heap after GC invocations=11 (full 0):
 garbage-first heap   total reserved 5169152K, committed 69632K, used 22042K [0x00000006c4800000, 0x0000000800000000)
  region size 4096K, 2 young (8192K), 2 survivors (8192K)
 Metaspace       used 51062K, committed 51712K, reserved 1114112K
  class space    used 6873K, committed 7168K, reserved 1048576K
}
Event: 12.560 GC heap before
{Heap before GC invocations=11 (full 0):
 garbage-first heap   total reserved 5169152K, committed 69632K, used 54810K [0x00000006c4800000, 0x0000000800000000)
  region size 4096K, 10 young (40960K), 2 survivors (8192K)
 Metaspace       used 57313K, committed 57920K, reserved 1114112K
  class space    used 7749K, committed 8000K, reserved 1048576K
}
Event: 12.570 GC heap after
{Heap after GC invocations=12 (full 0):
 garbage-first heap   total reserved 5169152K, committed 69632K, used 23934K [0x00000006c4800000, 0x0000000800000000)
  region size 4096K, 2 young (8192K), 2 survivors (8192K)
 Metaspace       used 57313K, committed 57920K, reserved 1114112K
  class space    used 7749K, committed 8000K, reserved 1048576K
}
Event: 13.270 GC heap before
{Heap before GC invocations=12 (full 0):
 garbage-first heap   total reserved 5169152K, committed 69632K, used 36222K [0x00000006c4800000, 0x0000000800000000)
  region size 4096K, 6 young (24576K), 2 survivors (8192K)
 Metaspace       used 59737K, committed 60288K, reserved 1114112K
  class space    used 8125K, committed 8384K, reserved 1048576K
}
Event: 13.283 GC heap after
{Heap after GC invocations=13 (full 0):
 garbage-first heap   total reserved 5169152K, committed 69632K, used 24828K [0x00000006c4800000, 0x0000000800000000)
  region size 4096K, 2 young (8192K), 2 survivors (8192K)
 Metaspace       used 59737K, committed 60288K, reserved 1114112K
  class space    used 8125K, committed 8384K, reserved 1048576K
}
Event: 20.348 GC heap before
{Heap before GC invocations=14 (full 0):
 garbage-first heap   total reserved 5169152K, committed 69632K, used 53500K [0x00000006c4800000, 0x0000000800000000)
  region size 4096K, 9 young (36864K), 2 survivors (8192K)
 Metaspace       used 62879K, committed 63552K, reserved 1114112K
  class space    used 8611K, committed 8896K, reserved 1048576K
}
Event: 20.359 GC heap after
{Heap after GC invocations=15 (full 0):
 garbage-first heap   total reserved 5169152K, committed 69632K, used 27736K [0x00000006c4800000, 0x0000000800000000)
  region size 4096K, 2 young (8192K), 2 survivors (8192K)
 Metaspace       used 62879K, committed 63552K, reserved 1114112K
  class space    used 8611K, committed 8896K, reserved 1048576K
}

